<?xml version="1.0" encoding="UTF-8"?>
<!-- Generated by org.testng.reporters.JUnitReportReporter -->
<testsuite hostname="Devilslab" name="RestAssuredTestCases.TC001_BasicAuthentication" tests="1" failures="0" timestamp="23 Apr 2020 06:02:13 GMT" time="0.646" errors="0">
  <testcase name="authentication" time="0.646" classname="RestAssuredTestCases.TC001_BasicAuthentication"/>
</testsuite> <!-- RestAssuredTestCases.TC001_BasicAuthentication -->
