<?xml version="1.0" encoding="UTF-8"?>
<!-- Generated by org.testng.reporters.JUnitReportReporter -->
<testsuite hostname="Devilslab" name="RestAssuredTestCases.TC001_Post_Request" tests="1" failures="0" timestamp="23 Apr 2020 06:02:13 GMT" time="9.334" errors="0">
  <testcase name="registration" time="9.334" classname="RestAssuredTestCases.TC001_Post_Request"/>
</testsuite> <!-- RestAssuredTestCases.TC001_Post_Request -->
