<?xml version="1.0" encoding="UTF-8"?>
<!-- Generated by org.testng.reporters.JUnitReportReporter -->
<testsuite hostname="Devilslab" name="RestAssuredTestCases.TC001_Get_HeaderValidation" tests="1" failures="0" timestamp="23 Apr 2020 06:02:13 GMT" time="0.433" errors="0">
  <testcase name="validateHeader" time="0.433" classname="RestAssuredTestCases.TC001_Get_HeaderValidation"/>
</testsuite> <!-- RestAssuredTestCases.TC001_Get_HeaderValidation -->
