<?xml version="1.0" encoding="UTF-8"?>
<!-- Generated by org.testng.reporters.JUnitReportReporter -->
<testsuite hostname="Devilslab" name="RestAssuredTestCases.TC001_Get_ReadingAllHeaders" tests="1" failures="0" timestamp="23 Apr 2020 06:02:13 GMT" time="0.427" errors="0">
  <testcase name="getAllHeader" time="0.427" classname="RestAssuredTestCases.TC001_Get_ReadingAllHeaders"/>
</testsuite> <!-- RestAssuredTestCases.TC001_Get_ReadingAllHeaders -->
