<?xml version="1.0" encoding="UTF-8"?>
<!-- Generated by org.testng.reporters.JUnitReportReporter -->
<testsuite hostname="Devilslab" name="Utilities.readExcelUtility" tests="3" failures="0" timestamp="20 Apr 2020 03:57:31 GMT" time="0.451" errors="0">
  <testcase name="getColnum" time="0.429" classname="Utilities.readExcelUtility"/>
  <testcase name="readData" time="0.011" classname="Utilities.readExcelUtility"/>
  <testcase name="getRowNum" time="0.011" classname="Utilities.readExcelUtility"/>
</testsuite> <!-- Utilities.readExcelUtility -->
