<?xml version="1.0" encoding="UTF-8"?>
<!-- Generated by org.testng.reporters.JUnitReportReporter -->
<testsuite hostname="Devilslab" name="RestAssuredTestCases.TC001_DataDrivenAPITest_AddNewEmployee" tests="2" failures="0" timestamp="23 Apr 2020 06:02:13 GMT" time="2.016" errors="0">
  <testcase name="postNewEmployee" time="1.042" classname="RestAssuredTestCases.TC001_DataDrivenAPITest_AddNewEmployee"/>
  <testcase name="postNewEmployee" time="0.974" classname="RestAssuredTestCases.TC001_DataDrivenAPITest_AddNewEmployee"/>
</testsuite> <!-- RestAssuredTestCases.TC001_DataDrivenAPITest_AddNewEmployee -->
