<?xml version="1.0" encoding="UTF-8"?>
<!-- Generated by org.testng.reporters.JUnitReportReporter -->
<testsuite hostname="Devilslab" name="RestAssuredTestCases.TC001_ExtractingJSONBodayValue" tests="1" failures="0" timestamp="24 Apr 2020 05:39:45 GMT" time="5.462" errors="0">
  <testcase name="extractBodyValue" time="5.462" classname="RestAssuredTestCases.TC001_ExtractingJSONBodayValue"/>
</testsuite> <!-- RestAssuredTestCases.TC001_ExtractingJSONBodayValue -->
