<?xml version="1.0" encoding="UTF-8"?>
<!-- Generated by org.testng.reporters.JUnitReportReporter -->
<testsuite hostname="Devilslab" name="RestAssuredTestCases.TC001_Get_Request" tests="1" failures="0" timestamp="23 Apr 2020 06:02:13 GMT" time="1.027" errors="0">
  <testcase name="getWeatherDetails" time="1.027" classname="RestAssuredTestCases.TC001_Get_Request"/>
</testsuite> <!-- RestAssuredTestCases.TC001_Get_Request -->
