<?xml version="1.0" encoding="UTF-8"?>
<!-- Generated by org.testng.reporters.JUnitReportReporter -->
<testsuite hostname="Devilslab" name="RestAssuredTestCases.TC001_ExceDataDriven_AddNewEmployee" tests="2" failures="0" timestamp="23 Apr 2020 06:02:13 GMT" time="1.604" errors="0">
  <testcase name="postNewEmployee" time="0.909" classname="RestAssuredTestCases.TC001_ExceDataDriven_AddNewEmployee"/>
  <testcase name="postNewEmployee" time="0.695" classname="RestAssuredTestCases.TC001_ExceDataDriven_AddNewEmployee"/>
</testsuite> <!-- RestAssuredTestCases.TC001_ExceDataDriven_AddNewEmployee -->
