<?xml version="1.0" encoding="UTF-8"?>
<!-- Generated by org.testng.reporters.JUnitReportReporter -->
<testsuite hostname="Devilslab" failures="0" tests="1" name="RestAssuredTestCases.TC001_BasicAuthentication" time="0.356" errors="0" timestamp="24 Apr 2020 06:48:43 GMT">
  <testcase classname="RestAssuredTestCases.TC001_BasicAuthentication" name="authentication" time="0.356"/>
</testsuite> <!-- RestAssuredTestCases.TC001_BasicAuthentication -->
