<?xml version="1.0" encoding="UTF-8"?>
<!-- Generated by org.testng.reporters.JUnitReportReporter -->
<testsuite hostname="Devilslab" failures="0" tests="2" name="RestAssuredTestCases.TC001_DataDrivenAPITest_AddNewEmployee" time="0.907" errors="0" timestamp="24 Apr 2020 06:25:10 GMT">
  <testcase classname="RestAssuredTestCases.TC001_DataDrivenAPITest_AddNewEmployee" name="postNewEmployee" time="0.446"/>
  <testcase classname="RestAssuredTestCases.TC001_DataDrivenAPITest_AddNewEmployee" name="postNewEmployee" time="0.461"/>
</testsuite> <!-- RestAssuredTestCases.TC001_DataDrivenAPITest_AddNewEmployee -->
