<?xml version="1.0" encoding="UTF-8"?>
<!-- Generated by org.testng.reporters.JUnitReportReporter -->
<testsuite hostname="Devilslab" failures="0" tests="1" name="RestAssuredTestCases.TC001_Post_Request" time="6.139" errors="0" timestamp="24 Apr 2020 06:25:10 GMT">
  <testcase classname="RestAssuredTestCases.TC001_Post_Request" name="registration" time="6.139"/>
</testsuite> <!-- RestAssuredTestCases.TC001_Post_Request -->
