<?xml version="1.0" encoding="UTF-8"?>
<!-- Generated by org.testng.reporters.JUnitReportReporter -->
<testsuite hostname="Devilslab" failures="0" tests="1" name="RestAssuredTestCases.TC001_Get_HeaderValidation" time="1.450" errors="0" timestamp="24 Apr 2020 06:25:10 GMT">
  <testcase classname="RestAssuredTestCases.TC001_Get_HeaderValidation" name="validateHeader" time="1.450"/>
</testsuite> <!-- RestAssuredTestCases.TC001_Get_HeaderValidation -->
