<?xml version="1.0" encoding="UTF-8"?>
<!-- Generated by org.testng.reporters.JUnitReportReporter -->
<testsuite hostname="Devilslab" failures="0" tests="2" name="RestAssuredTestCases.TC001_DataDrivenAPITest_AddNewEmployee" time="0.859" errors="0" timestamp="24 Apr 2020 06:48:43 GMT">
  <testcase classname="RestAssuredTestCases.TC001_DataDrivenAPITest_AddNewEmployee" name="postNewEmployee" time="0.406"/>
  <testcase classname="RestAssuredTestCases.TC001_DataDrivenAPITest_AddNewEmployee" name="postNewEmployee" time="0.453"/>
</testsuite> <!-- RestAssuredTestCases.TC001_DataDrivenAPITest_AddNewEmployee -->
