<?xml version="1.0" encoding="UTF-8"?>
<!-- Generated by org.testng.reporters.JUnitReportReporter -->
<testsuite hostname="Devilslab" failures="0" tests="1" name="RestAssuredTestCases.TC001_Body_Data_Validation" time="0.383" errors="0" timestamp="24 Apr 2020 06:48:43 GMT">
  <testcase classname="RestAssuredTestCases.TC001_Body_Data_Validation" name="bodyDataValidation" time="0.383"/>
</testsuite> <!-- RestAssuredTestCases.TC001_Body_Data_Validation -->
