<?xml version="1.0" encoding="UTF-8"?>
<!-- Generated by org.testng.reporters.JUnitReportReporter -->
<testsuite hostname="Devilslab" failures="0" tests="1" name="RestAssuredTestCases.TC001_ExtractingJSONBodayValue" time="0.523" errors="0" timestamp="24 Apr 2020 06:25:10 GMT">
  <testcase classname="RestAssuredTestCases.TC001_ExtractingJSONBodayValue" name="extractBodyValue" time="0.523"/>
</testsuite> <!-- RestAssuredTestCases.TC001_ExtractingJSONBodayValue -->
